[11:11:57] [main/DEBUG] [FML/]: Injecting tracing printstreams for STDOUT/STDERR.
[11:11:57] [main/INFO] [FML/]: Forge Mod Loader version 11.15.0.1655 for Minecraft 1.8.8 loading
[11:11:57] [main/INFO] [FML/]: Java is OpenJDK 64-Bit Server VM, version 1.8.0_222-2-ojdkbuild, running on Windows 10:amd64:10.0, installed at C:\Program Files\ojdkbuild\java-1.8.0-openjdk-1.8.0.222-2\jre
[11:11:57] [main/DEBUG] [FML/]: Java classpath at launch is ./minecraft_files/0\libraries\net\minecraftforge\forge\1.8.8-11.15.0.1655\forge-1.8.8-11.15.0.1655.jar;./minecraft_files/0\libraries\io\netty\netty-all\4.0.23.Final\netty-all-4.0.23.Final.jar;./minecraft_files/0\libraries\net\minecraft\launchwrapper\1.12\launchwrapper-1.12.jar;./minecraft_files/0\libraries\org\ow2\asm\asm-all\5.0.3\asm-all-5.0.3.jar;./minecraft_files/0\libraries\jline\jline\2.13\jline-2.13.jar;./minecraft_files/0\libraries\com\typesafe\akka\akka-actor_2.11\2.3.3\akka-actor_2.11-2.3.3.jar;./minecraft_files/0\libraries\com\typesafe\config\1.2.1\config-1.2.1.jar;./minecraft_files/0\libraries\org\scala-lang\scala-actors-migration_2.11\1.1.0\scala-actors-migration_2.11-1.1.0.jar;./minecraft_files/0\libraries\org\scala-lang\scala-compiler\2.11.1\scala-compiler-2.11.1.jar;./minecraft_files/0\libraries\org\scala-lang\plugins\scala-continuations-library_2.11\1.0.2\scala-continuations-library_2.11-1.0.2.jar;./minecraft_files/0\libraries\org\scala-lang\plugins\scala-continuations-plugin_2.11.1\1.0.2\scala-continuations-plugin_2.11.1-1.0.2.jar;./minecraft_files/0\libraries\org\scala-lang\scala-library\2.11.1\scala-library-2.11.1.jar;./minecraft_files/0\libraries\org\scala-lang\scala-parser-combinators_2.11\1.0.1\scala-parser-combinators_2.11-1.0.1.jar;./minecraft_files/0\libraries\org\scala-lang\scala-reflect\2.11.1\scala-reflect-2.11.1.jar;./minecraft_files/0\libraries\org\scala-lang\scala-swing_2.11\1.0.1\scala-swing_2.11-1.0.1.jar;./minecraft_files/0\libraries\org\scala-lang\scala-xml_2.11\1.0.2\scala-xml_2.11-1.0.2.jar;./minecraft_files/0\libraries\lzma\lzma\0.0.1\lzma-0.0.1.jar;./minecraft_files/0\libraries\net\sf\jopt-simple\jopt-simple\4.6\jopt-simple-4.6.jar;./minecraft_files/0\libraries\java3d\vecmath\1.5.2\vecmath-1.5.2.jar;./minecraft_files/0\libraries\net\sf\trove4j\trove4j\3.0.3\trove4j-3.0.3.jar;./minecraft_files/0\libraries\com\mojang\netty\1.6\netty-1.6.jar;./minecraft_files/0\libraries\oshi-project\oshi-core\1.1\oshi-core-1.1.jar;./minecraft_files/0\libraries\net\java\dev\jna\jna\3.4.0\jna-3.4.0.jar;./minecraft_files/0\libraries\net\java\dev\jna\platform\3.4.0\platform-3.4.0.jar;./minecraft_files/0\libraries\com\ibm\icu\icu4j-core-mojang\51.2\icu4j-core-mojang-51.2.jar;./minecraft_files/0\libraries\net\sf\jopt-simple\jopt-simple\4.6\jopt-simple-4.6.jar;./minecraft_files/0\libraries\com\paulscode\codecjorbis\20101023\codecjorbis-20101023.jar;./minecraft_files/0\libraries\com\paulscode\codecwav\20101023\codecwav-20101023.jar;./minecraft_files/0\libraries\com\paulscode\libraryjavasound\20101123\libraryjavasound-20101123.jar;./minecraft_files/0\libraries\com\paulscode\librarylwjglopenal\20100824\librarylwjglopenal-20100824.jar;./minecraft_files/0\libraries\com\paulscode\soundsystem\20120107\soundsystem-20120107.jar;./minecraft_files/0\libraries\io\netty\netty-all\4.0.23.Final\netty-all-4.0.23.Final.jar;./minecraft_files/0\libraries\com\google\guava\guava\17.0\guava-17.0.jar;./minecraft_files/0\libraries\org\apache\commons\commons-lang3\3.3.2\commons-lang3-3.3.2.jar;./minecraft_files/0\libraries\commons-io\commons-io\2.4\commons-io-2.4.jar;./minecraft_files/0\libraries\commons-codec\commons-codec\1.9\commons-codec-1.9.jar;./minecraft_files/0\libraries\net\java\jinput\jinput\2.0.5\jinput-2.0.5.jar;./minecraft_files/0\libraries\net\java\jutils\jutils\1.0.0\jutils-1.0.0.jar;./minecraft_files/0\libraries\com\google\code\gson\gson\2.2.4\gson-2.2.4.jar;./minecraft_files/0\libraries\com\mojang\authlib\1.5.21\authlib-1.5.21.jar;./minecraft_files/0\libraries\com\mojang\realms\1.7.39\realms-1.7.39.jar;./minecraft_files/0\libraries\org\apache\commons\commons-compress\1.8.1\commons-compress-1.8.1.jar;./minecraft_files/0\libraries\org\apache\httpcomponents\httpclient\4.3.3\httpclient-4.3.3.jar;./minecraft_files/0\libraries\commons-logging\commons-logging\1.1.3\commons-logging-1.1.3.jar;./minecraft_files/0\libraries\org\apache\httpcomponents\httpcore\4.3.2\httpcore-4.3.2.jar;./minecraft_files/0\libraries\org\apache\logging\log4j\log4j-api\2.0-beta9\log4j-api-2.0-beta9.jar;./minecraft_files/0\libraries\org\apache\logging\log4j\log4j-core\2.0-beta9\log4j-core-2.0-beta9.jar;./minecraft_files/0\libraries\org\lwjgl\lwjgl\lwjgl\2.9.4-nightly-20150209\lwjgl-2.9.4-nightly-20150209.jar;./minecraft_files/0\libraries\org\lwjgl\lwjgl\lwjgl_util\2.9.4-nightly-20150209\lwjgl_util-2.9.4-nightly-20150209.jar;./minecraft_files/0\libraries\org\lwjgl\lwjgl\lwjgl-platform\2.9.4-nightly-20150209\lwjgl-platform-2.9.4-nightly-20150209-natives-windows.jar;./minecraft_files/0\libraries\net\java\jinput\jinput-platform\2.0.5\jinput-platform-2.0.5-natives-windows.jar;./minecraft_files/0\libraries\tv\twitch\twitch\6.5\twitch-6.5.jar;./minecraft_files/0\libraries\tv\twitch\twitch-platform\6.5\twitch-platform-6.5-natives-windows-64.jar;./minecraft_files/0\libraries\tv\twitch\twitch-external-platform\4.5\twitch-external-platform-4.5-natives-windows-64.jar;./minecraft_files/0\versions\1.8.8\1.8.8.jar
[11:11:57] [main/DEBUG] [FML/]: Java library path at launch is ./minecraft_files/0\versions\1.8.8-forge1.8.8-11.15.0.1655\natives
[11:11:57] [main/DEBUG] [FML/]: Enabling runtime deobfuscation
[11:11:57] [main/DEBUG] [FML/]: Instantiating coremod class FMLCorePlugin
[11:11:57] [main/DEBUG] [FML/]: Added access transformer class net.minecraftforge.fml.common.asm.transformers.AccessTransformer to enqueued access transformers
[11:11:57] [main/DEBUG] [FML/]: Enqueued coremod FMLCorePlugin
[11:11:57] [main/DEBUG] [FML/]: Instantiating coremod class FMLForgePlugin
[11:11:57] [main/DEBUG] [FML/]: Enqueued coremod FMLForgePlugin
[11:11:57] [main/DEBUG] [FML/]: All fundamental core mods are successfully located
[11:11:57] [main/DEBUG] [FML/]: Attempting to load commandline specified mods, relative to E:\DelphiLauncher\Client\.\minecraft_files\0
[11:11:57] [main/DEBUG] [FML/]: Discovering coremods
[11:11:57] [main/DEBUG] [FML/]: Examining for coremod candidacy CodeChickenLib-1.12.2-3.2.3.358-universal.jar
[11:11:57] [main/INFO] [STDERR/]: [net.minecraftforge.fml.relauncher.FMLLaunchHandler:setupHome:99]: java.lang.NoClassDefFoundError: org/objectweb/asm/ClassVisitor
[11:11:57] [main/INFO] [STDERR/]: [net.minecraftforge.fml.relauncher.FMLLaunchHandler:setupHome:99]: 	at net.minecraftforge.fml.relauncher.CoreModManager.discoverCoreMods(CoreModManager.java:333)
[11:11:57] [main/INFO] [STDERR/]: [net.minecraftforge.fml.relauncher.FMLLaunchHandler:setupHome:99]: 	at net.minecraftforge.fml.relauncher.CoreModManager.handleLaunch(CoreModManager.java:240)
[11:11:57] [main/INFO] [STDERR/]: [net.minecraftforge.fml.relauncher.FMLLaunchHandler:setupHome:99]: 	at net.minecraftforge.fml.relauncher.FMLLaunchHandler.setupHome(FMLLaunchHandler.java:95)
[11:11:57] [main/INFO] [STDERR/]: [net.minecraftforge.fml.relauncher.FMLLaunchHandler:setupHome:99]: 	at net.minecraftforge.fml.relauncher.FMLLaunchHandler.setupClient(FMLLaunchHandler.java:72)
[11:11:57] [main/INFO] [STDERR/]: [net.minecraftforge.fml.relauncher.FMLLaunchHandler:setupHome:99]: 	at net.minecraftforge.fml.relauncher.FMLLaunchHandler.configureForClientLaunch(FMLLaunchHandler.java:34)
[11:11:57] [main/INFO] [STDERR/]: [net.minecraftforge.fml.relauncher.FMLLaunchHandler:setupHome:99]: 	at net.minecraftforge.fml.common.launcher.FMLTweaker.injectIntoClassLoader(FMLTweaker.java:119)
[11:11:57] [main/INFO] [STDERR/]: [net.minecraftforge.fml.relauncher.FMLLaunchHandler:setupHome:99]: 	at net.minecraft.launchwrapper.Launch.launch(Launch.java:115)
[11:11:57] [main/INFO] [STDERR/]: [net.minecraftforge.fml.relauncher.FMLLaunchHandler:setupHome:99]: 	at net.minecraft.launchwrapper.Launch.main(Launch.java:28)
[11:11:57] [main/INFO] [STDERR/]: [java.lang.Throwable:printStackTrace:635]: Caused by: java.lang.ClassNotFoundException: org.objectweb.asm.ClassVisitor
[11:11:57] [main/INFO] [STDERR/]: [java.lang.Throwable:printStackTrace:635]: 	at java.net.URLClassLoader.findClass(URLClassLoader.java:382)
[11:11:57] [main/INFO] [STDERR/]: [java.lang.Throwable:printStackTrace:635]: 	at java.lang.ClassLoader.loadClass(ClassLoader.java:424)
[11:11:57] [main/INFO] [STDERR/]: [java.lang.Throwable:printStackTrace:635]: 	at sun.misc.Launcher$AppClassLoader.loadClass(Launcher.java:349)
[11:11:57] [main/INFO] [STDERR/]: [java.lang.Throwable:printStackTrace:635]: 	at java.lang.ClassLoader.loadClass(ClassLoader.java:357)
[11:11:57] [main/INFO] [STDERR/]: [java.lang.Throwable:printStackTrace:635]: 	... 8 more
[11:11:57] [main/ERROR] [FML/]: An error occurred trying to configure the minecraft home at E:\DelphiLauncher\Client\.\minecraft_files\0 for Forge Mod Loader
java.lang.NoClassDefFoundError: org/objectweb/asm/ClassVisitor
	at net.minecraftforge.fml.relauncher.CoreModManager.discoverCoreMods(CoreModManager.java:333) ~[forge-1.8.8-11.15.0.1655.jar:?]
	at net.minecraftforge.fml.relauncher.CoreModManager.handleLaunch(CoreModManager.java:240) ~[forge-1.8.8-11.15.0.1655.jar:?]
	at net.minecraftforge.fml.relauncher.FMLLaunchHandler.setupHome(FMLLaunchHandler.java:95) [forge-1.8.8-11.15.0.1655.jar:?]
	at net.minecraftforge.fml.relauncher.FMLLaunchHandler.setupClient(FMLLaunchHandler.java:72) [forge-1.8.8-11.15.0.1655.jar:?]
	at net.minecraftforge.fml.relauncher.FMLLaunchHandler.configureForClientLaunch(FMLLaunchHandler.java:34) [forge-1.8.8-11.15.0.1655.jar:?]
	at net.minecraftforge.fml.common.launcher.FMLTweaker.injectIntoClassLoader(FMLTweaker.java:119) [forge-1.8.8-11.15.0.1655.jar:?]
	at net.minecraft.launchwrapper.Launch.launch(Launch.java:115) [launchwrapper-1.12.jar:?]
	at net.minecraft.launchwrapper.Launch.main(Launch.java:28) [launchwrapper-1.12.jar:?]
Caused by: java.lang.ClassNotFoundException: org.objectweb.asm.ClassVisitor
	at java.net.URLClassLoader.findClass(URLClassLoader.java:382) ~[?:1.8.0_222-2-ojdkbuild]
	at java.lang.ClassLoader.loadClass(ClassLoader.java:424) ~[?:1.8.0_222-2-ojdkbuild]
	at sun.misc.Launcher$AppClassLoader.loadClass(Launcher.java:349) ~[?:1.8.0_222-2-ojdkbuild]
	at java.lang.ClassLoader.loadClass(ClassLoader.java:357) ~[?:1.8.0_222-2-ojdkbuild]
	... 8 more
[11:11:57] [main/INFO] [STDERR/]: [java.lang.ThreadGroup:uncaughtException:1052]: java.lang.NoClassDefFoundError: org/objectweb/asm/ClassVisitor
[11:11:57] [main/INFO] [STDERR/]: [java.lang.ThreadGroup:uncaughtException:1052]: 	at net.minecraftforge.fml.relauncher.CoreModManager.discoverCoreMods(CoreModManager.java:333)
[11:11:57] [main/INFO] [STDERR/]: [java.lang.ThreadGroup:uncaughtException:1052]: 	at net.minecraftforge.fml.relauncher.CoreModManager.handleLaunch(CoreModManager.java:240)
[11:11:57] [main/INFO] [STDERR/]: [java.lang.ThreadGroup:uncaughtException:1052]: 	at net.minecraftforge.fml.relauncher.FMLLaunchHandler.setupHome(FMLLaunchHandler.java:95)
[11:11:57] [main/INFO] [STDERR/]: [java.lang.ThreadGroup:uncaughtException:1052]: 	at net.minecraftforge.fml.relauncher.FMLLaunchHandler.setupClient(FMLLaunchHandler.java:72)
[11:11:57] [main/INFO] [STDERR/]: [java.lang.ThreadGroup:uncaughtException:1052]: 	at net.minecraftforge.fml.relauncher.FMLLaunchHandler.configureForClientLaunch(FMLLaunchHandler.java:34)
[11:11:57] [main/INFO] [STDERR/]: [java.lang.ThreadGroup:uncaughtException:1052]: 	at net.minecraftforge.fml.common.launcher.FMLTweaker.injectIntoClassLoader(FMLTweaker.java:119)
[11:11:57] [main/INFO] [STDERR/]: [java.lang.ThreadGroup:uncaughtException:1052]: 	at net.minecraft.launchwrapper.Launch.launch(Launch.java:115)
[11:11:57] [main/INFO] [STDERR/]: [java.lang.ThreadGroup:uncaughtException:1052]: 	at net.minecraft.launchwrapper.Launch.main(Launch.java:28)
[11:11:57] [main/INFO] [STDERR/]: [java.lang.ThreadGroup:uncaughtException:1061]: Caused by: java.lang.ClassNotFoundException: org.objectweb.asm.ClassVisitor
[11:11:57] [main/INFO] [STDERR/]: [java.lang.ThreadGroup:uncaughtException:1061]: 	at java.net.URLClassLoader.findClass(URLClassLoader.java:382)
[11:11:57] [main/INFO] [STDERR/]: [java.lang.ThreadGroup:uncaughtException:1061]: 	at java.lang.ClassLoader.loadClass(ClassLoader.java:424)
[11:11:57] [main/INFO] [STDERR/]: [java.lang.ThreadGroup:uncaughtException:1061]: 	at sun.misc.Launcher$AppClassLoader.loadClass(Launcher.java:349)
[11:11:57] [main/INFO] [STDERR/]: [java.lang.ThreadGroup:uncaughtException:1061]: 	at java.lang.ClassLoader.loadClass(ClassLoader.java:357)
[11:11:57] [main/INFO] [STDERR/]: [java.lang.ThreadGroup:uncaughtException:1061]: 	... 8 more
